# JRE version: OpenJDK Runtime Environment (19.0.2+7) (build 19.0.2+7-44)
# Java VM: OpenJDK 64-Bit Server VM (19.0.2+7-44, mixed mode, sharing, tiered, compressed oops, compressed class ptrs, g1 gc, windows-amd64)
GC Precious Log:
 CardTable entry size: 512
 Card Set container configuration: InlinePtr #cards 5 size 8 Array Of Cards #cards 12 size 40 Howl #buckets 4 coarsen threshold 1843 Howl Bitmap #cards 512 size 80 coarsen threshold 460 Card regions per heap region 1 cards per card region 2048
 CPUs: 4 total, 4 available
 Memory: 8081M
 Large Page Support: Disabled
 NUMA Support: Disabled
 Compressed Oops: Enabled (32-bit)
 Heap Region Size: 1M
 Heap Min Capacity: 8M
 Heap Initial Capacity: 128M
 Heap Max Capacity: 2G
 Pre-touch: Disabled
 Parallel Workers: 4
 Concurrent Workers: 1
 Concurrent Refinement Workers: 4
 Periodic GC: Disabled
Heap:
 garbage-first heap   total 471040K, used 240206K [0x0000000080000000, 0x0000000100000000)
  region size 1024K, 115 young (117760K), 7 survivors (7168K)
 Metaspace       used 128608K, committed 130048K, reserved 1179648K
  class space    used 15625K, committed 16384K, reserved 1048576K
GC Heap History (20 events):
Event: 14181.768 GC heap before
{Heap before GC invocations=198 (full 0):
 garbage-first heap   total 585728K, used 189813K [0x0000000080000000, 0x0000000100000000)
  region size 1024K, 48 young (49152K), 4 survivors (4096K)
 Metaspace       used 128129K, committed 129536K, reserved 1179648K
  class space    used 15700K, committed 16448K, reserved 1048576K
}
Event: 14181.772 GC heap after
{Heap after GC invocations=199 (full 0):
 garbage-first heap   total 585728K, used 145705K [0x0000000080000000, 0x0000000100000000)
  region size 1024K, 3 young (3072K), 3 survivors (3072K)
 Metaspace       used 128129K, committed 129536K, reserved 1179648K
  class space    used 15700K, committed 16448K, reserved 1048576K
}
Event: 14487.365 GC heap before
{Heap before GC invocations=200 (full 0):
 garbage-first heap   total 636928K, used 635177K [0x0000000080000000, 0x0000000100000000)
  region size 1024K, 200 young (204800K), 3 survivors (3072K)
 Metaspace       used 127900K, committed 129344K, reserved 1179648K
  class space    used 15675K, committed 16448K, reserved 1048576K
}
Event: 14487.372 GC heap after
{Heap after GC invocations=201 (full 0):
 garbage-first heap   total 638976K, used 138347K [0x0000000080000000, 0x0000000100000000)
  region size 1024K, 2 young (2048K), 2 survivors (2048K)
 Metaspace       used 127900K, committed 129344K, reserved 1179648K
  class space    used 15675K, committed 16448K, reserved 1048576K
}
Event: 14520.546 GC heap before
{Heap before GC invocations=201 (full 0):
 garbage-first heap   total 638976K, used 168043K [0x0000000080000000, 0x0000000100000000)
  region size 1024K, 31 young (31744K), 2 survivors (2048K)
 Metaspace       used 127902K, committed 129344K, reserved 1179648K
  class space    used 15675K, committed 16448K, reserved 1048576K
}
Event: 14520.579 GC heap after
{Heap after GC invocations=202 (full 0):
 garbage-first heap   total 638976K, used 128216K [0x0000000080000000, 0x0000000100000000)
  region size 1024K, 4 young (4096K), 4 survivors (4096K)
 Metaspace       used 127902K, committed 129344K, reserved 1179648K
  class space    used 15675K, committed 16448K, reserved 1048576K
}
Event: 14520.975 GC heap before
{Heap before GC invocations=202 (full 0):
 garbage-first heap   total 638976K, used 145624K [0x0000000080000000, 0x0000000100000000)
  region size 1024K, 22 young (22528K), 4 survivors (4096K)
 Metaspace       used 127910K, committed 129344K, reserved 1179648K
  class space    used 15675K, committed 16448K, reserved 1048576K
}
Event: 14520.999 GC heap after
{Heap after GC invocations=203 (full 0):
 garbage-first heap   total 638976K, used 131115K [0x0000000080000000, 0x0000000100000000)
  region size 1024K, 7 young (7168K), 7 survivors (7168K)
 Metaspace       used 127910K, committed 129344K, reserved 1179648K
  class space    used 15675K, committed 16448K, reserved 1048576K
}
Event: 14825.705 GC heap before
{Heap before GC invocations=204 (full 0):
 garbage-first heap   total 563200K, used 561195K [0x0000000080000000, 0x0000000100000000)
  region size 1024K, 259 young (265216K), 7 survivors (7168K)
 Metaspace       used 127941K, committed 129344K, reserved 1179648K
  class space    used 15675K, committed 16448K, reserved 1048576K
}
Event: 14825.743 GC heap after
{Heap after GC invocations=205 (full 0):
 garbage-first heap   total 578560K, used 137432K [0x0000000080000000, 0x0000000100000000)
  region size 1024K, 15 young (15360K), 15 survivors (15360K)
 Metaspace       used 127941K, committed 129344K, reserved 1179648K
  class space    used 15675K, committed 16448K, reserved 1048576K
}
Event: 14828.395 GC heap before
{Heap before GC invocations=205 (full 0):
 garbage-first heap   total 578560K, used 150744K [0x0000000080000000, 0x0000000100000000)
  region size 1024K, 28 young (28672K), 15 survivors (15360K)
 Metaspace       used 127941K, committed 129344K, reserved 1179648K
  class space    used 15675K, committed 16448K, reserved 1048576K
}
Event: 14828.452 GC heap after
{Heap after GC invocations=206 (full 0):
 garbage-first heap   total 578560K, used 129780K [0x0000000080000000, 0x0000000100000000)
  region size 1024K, 3 young (3072K), 3 survivors (3072K)
 Metaspace       used 127941K, committed 129344K, reserved 1179648K
  class space    used 15675K, committed 16448K, reserved 1048576K
}
Event: 14829.226 GC heap before
{Heap before GC invocations=206 (full 0):
 garbage-first heap   total 578560K, used 188148K [0x0000000080000000, 0x0000000100000000)
  region size 1024K, 62 young (63488K), 3 survivors (3072K)
 Metaspace       used 127951K, committed 129344K, reserved 1179648K
  class space    used 15675K, committed 16448K, reserved 1048576K
}
Event: 14829.235 GC heap after
{Heap after GC invocations=207 (full 0):
 garbage-first heap   total 578560K, used 131961K [0x0000000080000000, 0x0000000100000000)
  region size 1024K, 5 young (5120K), 5 survivors (5120K)
 Metaspace       used 127951K, committed 129344K, reserved 1179648K
  class space    used 15675K, committed 16448K, reserved 1048576K
}
Event: 18767.608 GC heap before
{Heap before GC invocations=208 (full 0):
 garbage-first heap   total 578560K, used 577156K [0x0000000080000000, 0x0000000100000000)
  region size 1024K, 292 young (299008K), 5 survivors (5120K)
 Metaspace       used 128242K, committed 129600K, reserved 1179648K
  class space    used 15688K, committed 16448K, reserved 1048576K
}
Event: 18767.717 GC heap after
{Heap after GC invocations=209 (full 0):
 garbage-first heap   total 590848K, used 135168K [0x0000000080000000, 0x0000000100000000)
  region size 1024K, 12 young (12288K), 12 survivors (12288K)
 Metaspace       used 128242K, committed 129600K, reserved 1179648K
  class space    used 15688K, committed 16448K, reserved 1048576K
}
Event: 18782.551 GC heap before
{Heap before GC invocations=209 (full 0):
 garbage-first heap   total 590848K, used 151552K [0x0000000080000000, 0x0000000100000000)
  region size 1024K, 28 young (28672K), 12 survivors (12288K)
 Metaspace       used 128242K, committed 129600K, reserved 1179648K
  class space    used 15688K, committed 16448K, reserved 1048576K
}
Event: 18782.679 GC heap after
{Heap after GC invocations=210 (full 0):
 garbage-first heap   total 590848K, used 128359K [0x0000000080000000, 0x0000000100000000)
  region size 1024K, 4 young (4096K), 4 survivors (4096K)
 Metaspace       used 128242K, committed 129600K, reserved 1179648K
  class space    used 15688K, committed 16448K, reserved 1048576K
}
Event: 18786.619 GC heap before
{Heap before GC invocations=210 (full 0):
 garbage-first heap   total 590848K, used 187751K [0x0000000080000000, 0x0000000100000000)
  region size 1024K, 64 young (65536K), 4 survivors (4096K)
 Metaspace       used 128301K, committed 129664K, reserved 1179648K
  class space    used 15689K, committed 16448K, reserved 1048576K
}
Event: 18786.651 GC heap after
{Heap after GC invocations=211 (full 0):
 garbage-first heap   total 590848K, used 130638K [0x0000000080000000, 0x0000000100000000)
  region size 1024K, 7 young (7168K), 7 survivors (7168K)
 Metaspace       used 128301K, committed 129664K, reserved 1179648K
  class space    used 15689K, committed 16448K, reserved 1048576K
}

