# JRE version: OpenJDK Runtime Environment (19.0.2+7) (build 19.0.2+7-44)
# Java VM: OpenJDK 64-Bit Server VM (19.0.2+7-44, mixed mode, sharing, tiered, compressed oops, compressed class ptrs, g1 gc, windows-amd64)
GC Precious Log:
 CardTable entry size: 512
 Card Set container configuration: InlinePtr #cards 5 size 8 Array Of Cards #cards 12 size 40 Howl #buckets 4 coarsen threshold 1843 Howl Bitmap #cards 512 size 80 coarsen threshold 460 Card regions per heap region 1 cards per card region 2048
 CPUs: 4 total, 4 available
 Memory: 8081M
 Large Page Support: Disabled
 NUMA Support: Disabled
 Compressed Oops: Enabled (32-bit)
 Heap Region Size: 1M
 Heap Min Capacity: 8M
 Heap Initial Capacity: 128M
 Heap Max Capacity: 2G
 Pre-touch: Disabled
 Parallel Workers: 4
 Concurrent Workers: 1
 Concurrent Refinement Workers: 4
 Periodic GC: Disabled
Heap:
 garbage-first heap   total 78848K, used 45702K [0x0000000080000000, 0x0000000100000000)
  region size 1024K, 3 young (3072K), 2 survivors (2048K)
 Metaspace       used 49311K, committed 50816K, reserved 1114112K
  class space    used 6673K, committed 7424K, reserved 1048576K
GC Heap History (20 events):
Event: 14.085 GC heap before
{Heap before GC invocations=7 (full 0):
 garbage-first heap   total 78848K, used 25522K [0x0000000080000000, 0x0000000100000000)
  region size 1024K, 6 young (6144K), 5 survivors (5120K)
 Metaspace       used 27850K, committed 28928K, reserved 1114112K
  class space    used 4011K, committed 4544K, reserved 1048576K
}
Event: 14.096 GC heap after
{Heap after GC invocations=8 (full 0):
 garbage-first heap   total 78848K, used 24952K [0x0000000080000000, 0x0000000100000000)
  region size 1024K, 1 young (1024K), 1 survivors (1024K)
 Metaspace       used 27850K, committed 28928K, reserved 1114112K
  class space    used 4011K, committed 4544K, reserved 1048576K
}
Event: 15.353 GC heap before
{Heap before GC invocations=8 (full 0):
 garbage-first heap   total 78848K, used 58744K [0x0000000080000000, 0x0000000100000000)
  region size 1024K, 35 young (35840K), 1 survivors (1024K)
 Metaspace       used 32499K, committed 33600K, reserved 1114112K
  class space    used 4545K, committed 5120K, reserved 1048576K
}
Event: 15.360 GC heap after
{Heap after GC invocations=9 (full 0):
 garbage-first heap   total 78848K, used 28154K [0x0000000080000000, 0x0000000100000000)
  region size 1024K, 4 young (4096K), 4 survivors (4096K)
 Metaspace       used 32499K, committed 33600K, reserved 1114112K
  class space    used 4545K, committed 5120K, reserved 1048576K
}
Event: 16.134 GC heap before
{Heap before GC invocations=9 (full 0):
 garbage-first heap   total 78848K, used 52730K [0x0000000080000000, 0x0000000100000000)
  region size 1024K, 27 young (27648K), 4 survivors (4096K)
 Metaspace       used 34801K, committed 35968K, reserved 1114112K
  class space    used 4782K, committed 5376K, reserved 1048576K
}
Event: 16.143 GC heap after
{Heap after GC invocations=10 (full 0):
 garbage-first heap   total 78848K, used 30086K [0x0000000080000000, 0x0000000100000000)
  region size 1024K, 3 young (3072K), 3 survivors (3072K)
 Metaspace       used 34801K, committed 35968K, reserved 1114112K
  class space    used 4782K, committed 5376K, reserved 1048576K
}
Event: 19.592 GC heap before
{Heap before GC invocations=11 (full 0):
 garbage-first heap   total 78848K, used 61830K [0x0000000080000000, 0x0000000100000000)
  region size 1024K, 33 young (33792K), 3 survivors (3072K)
 Metaspace       used 39524K, committed 40832K, reserved 1114112K
  class space    used 5423K, committed 6080K, reserved 1048576K
}
Event: 19.603 GC heap after
{Heap after GC invocations=12 (full 0):
 garbage-first heap   total 78848K, used 32219K [0x0000000080000000, 0x0000000100000000)
  region size 1024K, 5 young (5120K), 5 survivors (5120K)
 Metaspace       used 39524K, committed 40832K, reserved 1114112K
  class space    used 5423K, committed 6080K, reserved 1048576K
}
Event: 19.863 GC heap before
{Heap before GC invocations=12 (full 0):
 garbage-first heap   total 78848K, used 33243K [0x0000000080000000, 0x0000000100000000)
  region size 1024K, 6 young (6144K), 5 survivors (5120K)
 Metaspace       used 39631K, committed 40896K, reserved 1114112K
  class space    used 5442K, committed 6080K, reserved 1048576K
}
Event: 19.879 GC heap after
{Heap after GC invocations=13 (full 0):
 garbage-first heap   total 78848K, used 32462K [0x0000000080000000, 0x0000000100000000)
  region size 1024K, 1 young (1024K), 1 survivors (1024K)
 Metaspace       used 39631K, committed 40896K, reserved 1114112K
  class space    used 5442K, committed 6080K, reserved 1048576K
}
Event: 22.491 GC heap before
{Heap before GC invocations=13 (full 0):
 garbage-first heap   total 78848K, used 60110K [0x0000000080000000, 0x0000000100000000)
  region size 1024K, 29 young (29696K), 1 survivors (1024K)
 Metaspace       used 42820K, committed 44224K, reserved 1114112K
  class space    used 5872K, committed 6592K, reserved 1048576K
}
Event: 22.503 GC heap after
{Heap after GC invocations=14 (full 0):
 garbage-first heap   total 78848K, used 34047K [0x0000000080000000, 0x0000000100000000)
  region size 1024K, 3 young (3072K), 3 survivors (3072K)
 Metaspace       used 42820K, committed 44224K, reserved 1114112K
  class space    used 5872K, committed 6592K, reserved 1048576K
}
Event: 26.651 GC heap before
{Heap before GC invocations=14 (full 0):
 garbage-first heap   total 78848K, used 58623K [0x0000000080000000, 0x0000000100000000)
  region size 1024K, 25 young (25600K), 3 survivors (3072K)
 Metaspace       used 43469K, committed 44864K, reserved 1114112K
  class space    used 5928K, committed 6656K, reserved 1048576K
}
Event: 26.674 GC heap after
{Heap after GC invocations=15 (full 0):
 garbage-first heap   total 78848K, used 41626K [0x0000000080000000, 0x0000000100000000)
  region size 1024K, 4 young (4096K), 4 survivors (4096K)
 Metaspace       used 43469K, committed 44864K, reserved 1114112K
  class space    used 5928K, committed 6656K, reserved 1048576K
}
Event: 29.663 GC heap before
{Heap before GC invocations=16 (full 0):
 garbage-first heap   total 78848K, used 63130K [0x0000000080000000, 0x0000000100000000)
  region size 1024K, 23 young (23552K), 4 survivors (4096K)
 Metaspace       used 46148K, committed 47616K, reserved 1114112K
  class space    used 6275K, committed 7040K, reserved 1048576K
}
Event: 29.670 GC heap after
{Heap after GC invocations=17 (full 0):
 garbage-first heap   total 78848K, used 44928K [0x0000000080000000, 0x0000000100000000)
  region size 1024K, 2 young (2048K), 2 survivors (2048K)
 Metaspace       used 46148K, committed 47616K, reserved 1114112K
  class space    used 6275K, committed 7040K, reserved 1048576K
}
Event: 29.764 GC heap before
{Heap before GC invocations=17 (full 0):
 garbage-first heap   total 78848K, used 45952K [0x0000000080000000, 0x0000000100000000)
  region size 1024K, 3 young (3072K), 2 survivors (2048K)
 Metaspace       used 46316K, committed 47808K, reserved 1114112K
  class space    used 6296K, committed 7040K, reserved 1048576K
}
Event: 29.770 GC heap after
{Heap after GC invocations=18 (full 0):
 garbage-first heap   total 78848K, used 44790K [0x0000000080000000, 0x0000000100000000)
  region size 1024K, 1 young (1024K), 1 survivors (1024K)
 Metaspace       used 46316K, committed 47808K, reserved 1114112K
  class space    used 6296K, committed 7040K, reserved 1048576K
}
Event: 31.915 GC heap before
{Heap before GC invocations=18 (full 0):
 garbage-first heap   total 78848K, used 61174K [0x0000000080000000, 0x0000000100000000)
  region size 1024K, 18 young (18432K), 1 survivors (1024K)
 Metaspace       used 49034K, committed 50496K, reserved 1114112K
  class space    used 6658K, committed 7424K, reserved 1048576K
}
Event: 31.918 GC heap after
{Heap after GC invocations=19 (full 0):
 garbage-first heap   total 78848K, used 45702K [0x0000000080000000, 0x0000000100000000)
  region size 1024K, 2 young (2048K), 2 survivors (2048K)
 Metaspace       used 49034K, committed 50496K, reserved 1114112K
  class space    used 6658K, committed 7424K, reserved 1048576K
}

